<?xml version="1.0" encoding="UTF-8"?>
<!-- Generated by org.testng.reporters.JUnitXMLReporter -->
<testsuite hostname="SanBid-PC" ignored="0" name="Default test" tests="4" failures="0" timestamp="12 Jul 2018 03:36:41 GMT" time="78.355" errors="0">
  <testcase name="loginPageFact" time="5.92" classname="com.wordpress.testcases.VerifyWPLogin"/>
  <testcase name="loginPageFact" time="5.381" classname="com.wordpress.testcases.VerifyWPLogin"/>
  <testcase name="loginPageFact" time="9.372" classname="com.wordpress.testcases.VerifyWPLogin"/>
  <testcase name="wpLogin" time="13.378" classname="com.wordpress.testcases.VerifyWPLogin"/>
</testsuite> <!-- Default test -->
